[2025-01-06 12:52:51] local.ERROR: Command "breeze" is not defined. {"exception":"[object] (Symfony\\Component\\Console\\Exception\\CommandNotFoundException(code: 0): Command \"breeze\" is not defined. at /Users/Thijsie/Downloads/main-files/Matoxi_Laravel_v1.0.0/Admin/vendor/symfony/console/Application.php:704)
[stacktrace]
#0 /Users/Thijsie/Downloads/main-files/Matoxi_Laravel_v1.0.0/Admin/vendor/symfony/console/Application.php(260): Symfony\\Component\\Console\\Application->find('breeze')
#1 /Users/Thijsie/Downloads/main-files/Matoxi_Laravel_v1.0.0/Admin/vendor/symfony/console/Application.php(169): Symfony\\Component\\Console\\Application->doRun(Object(Symfony\\Component\\Console\\Input\\ArgvInput), Object(Symfony\\Component\\Console\\Output\\ConsoleOutput))
#2 /Users/Thijsie/Downloads/main-files/Matoxi_Laravel_v1.0.0/Admin/vendor/laravel/framework/src/Illuminate/Foundation/Console/Kernel.php(196): Symfony\\Component\\Console\\Application->run(Object(Symfony\\Component\\Console\\Input\\ArgvInput), Object(Symfony\\Component\\Console\\Output\\ConsoleOutput))
#3 /Users/Thijsie/Downloads/main-files/Matoxi_Laravel_v1.0.0/Admin/artisan(35): Illuminate\\Foundation\\Console\\Kernel->handle(Object(Symfony\\Component\\Console\\Input\\ArgvInput), Object(Symfony\\Component\\Console\\Output\\ConsoleOutput))
#4 {main}
"} 
[2025-01-06 13:45:04] local.ERROR: SQLSTATE[HY000] [2002] Connection refused (Connection: mysql, SQL: select * from `users` where `id` = 1 limit 1) {"exception":"[object] (Illuminate\\Database\\QueryException(code: 2002): SQLSTATE[HY000] [2002] Connection refused (Connection: mysql, SQL: select * from `users` where `id` = 1 limit 1) at /Users/Thijsie/Downloads/main-files/Matoxi_Laravel_v1.0.0/Admin/vendor/laravel/framework/src/Illuminate/Database/Connection.php:813)
[stacktrace]
#0 /Users/Thijsie/Downloads/main-files/Matoxi_Laravel_v1.0.0/Admin/vendor/laravel/framework/src/Illuminate/Database/Connection.php(967): Illuminate\\Database\\Connection->runQueryCallback('select * from `...', Array, Object(Closure))
#1 /Users/Thijsie/Downloads/main-files/Matoxi_Laravel_v1.0.0/Admin/vendor/laravel/framework/src/Illuminate/Database/Connection.php(946): Illuminate\\Database\\Connection->tryAgainIfCausedByLostConnection(Object(Illuminate\\Database\\QueryException), 'select * from `...', Array, Object(Closure))
#2 /Users/Thijsie/Downloads/main-files/Matoxi_Laravel_v1.0.0/Admin/vendor/laravel/framework/src/Illuminate/Database/Connection.php(769): Illuminate\\Database\\Connection->handleQueryException(Object(Illuminate\\Database\\QueryException), 'select * from `...', Array, Object(Closure))
#3 /Users/Thijsie/Downloads/main-files/Matoxi_Laravel_v1.0.0/Admin/vendor/laravel/framework/src/Illuminate/Database/Connection.php(398): Illuminate\\Database\\Connection->run('select * from `...', Array, Object(Closure))
#4 /Users/Thijsie/Downloads/main-files/Matoxi_Laravel_v1.0.0/Admin/vendor/laravel/framework/src/Illuminate/Database/Query/Builder.php(2898): Illuminate\\Database\\Connection->select('select * from `...', Array, true)
#5 /Users/Thijsie/Downloads/main-files/Matoxi_Laravel_v1.0.0/Admin/vendor/laravel/framework/src/Illuminate/Database/Query/Builder.php(2883): Illuminate\\Database\\Query\\Builder->runSelect()
#6 /Users/Thijsie/Downloads/main-files/Matoxi_Laravel_v1.0.0/Admin/vendor/laravel/framework/src/Illuminate/Database/Query/Builder.php(3467): Illuminate\\Database\\Query\\Builder->Illuminate\\Database\\Query\\{closure}()
#7 /Users/Thijsie/Downloads/main-files/Matoxi_Laravel_v1.0.0/Admin/vendor/laravel/framework/src/Illuminate/Database/Query/Builder.php(2882): Illuminate\\Database\\Query\\Builder->onceWithColumns(Array, Object(Closure))
#8 /Users/Thijsie/Downloads/main-files/Matoxi_Laravel_v1.0.0/Admin/vendor/laravel/framework/src/Illuminate/Database/Eloquent/Builder.php(738): Illuminate\\Database\\Query\\Builder->get(Array)
#9 /Users/Thijsie/Downloads/main-files/Matoxi_Laravel_v1.0.0/Admin/vendor/laravel/framework/src/Illuminate/Database/Eloquent/Builder.php(722): Illuminate\\Database\\Eloquent\\Builder->getModels(Array)
#10 /Users/Thijsie/Downloads/main-files/Matoxi_Laravel_v1.0.0/Admin/vendor/laravel/framework/src/Illuminate/Database/Concerns/BuildsQueries.php(333): Illuminate\\Database\\Eloquent\\Builder->get(Array)
#11 /Users/Thijsie/Downloads/main-files/Matoxi_Laravel_v1.0.0/Admin/vendor/laravel/framework/src/Illuminate/Auth/EloquentUserProvider.php(59): Illuminate\\Database\\Eloquent\\Builder->first()
#12 /Users/Thijsie/Downloads/main-files/Matoxi_Laravel_v1.0.0/Admin/vendor/laravel/framework/src/Illuminate/Auth/SessionGuard.php(169): Illuminate\\Auth\\EloquentUserProvider->retrieveById(1)
#13 /Users/Thijsie/Downloads/main-files/Matoxi_Laravel_v1.0.0/Admin/vendor/laravel/framework/src/Illuminate/Auth/GuardHelpers.php(56): Illuminate\\Auth\\SessionGuard->user()
#14 /Users/Thijsie/Downloads/main-files/Matoxi_Laravel_v1.0.0/Admin/vendor/laravel/framework/src/Illuminate/Auth/Middleware/Authenticate.php(83): Illuminate\\Auth\\SessionGuard->check()
#15 /Users/Thijsie/Downloads/main-files/Matoxi_Laravel_v1.0.0/Admin/vendor/laravel/framework/src/Illuminate/Auth/Middleware/Authenticate.php(62): Illuminate\\Auth\\Middleware\\Authenticate->authenticate(Object(Illuminate\\Http\\Request), Array)
#16 /Users/Thijsie/Downloads/main-files/Matoxi_Laravel_v1.0.0/Admin/vendor/laravel/framework/src/Illuminate/Pipeline/Pipeline.php(183): Illuminate\\Auth\\Middleware\\Authenticate->handle(Object(Illuminate\\Http\\Request), Object(Closure))
#17 /Users/Thijsie/Downloads/main-files/Matoxi_Laravel_v1.0.0/Admin/vendor/laravel/framework/src/Illuminate/Foundation/Http/Middleware/VerifyCsrfToken.php(81): Illuminate\\Pipeline\\Pipeline->Illuminate\\Pipeline\\{closure}(Object(Illuminate\\Http\\Request))
#18 /Users/Thijsie/Downloads/main-files/Matoxi_Laravel_v1.0.0/Admin/vendor/laravel/framework/src/Illuminate/Pipeline/Pipeline.php(183): Illuminate\\Foundation\\Http\\Middleware\\VerifyCsrfToken->handle(Object(Illuminate\\Http\\Request), Object(Closure))
#19 /Users/Thijsie/Downloads/main-files/Matoxi_Laravel_v1.0.0/Admin/vendor/laravel/framework/src/Illuminate/View/Middleware/ShareErrorsFromSession.php(49): Illuminate\\Pipeline\\Pipeline->Illuminate\\Pipeline\\{closure}(Object(Illuminate\\Http\\Request))
#20 /Users/Thijsie/Downloads/main-files/Matoxi_Laravel_v1.0.0/Admin/vendor/laravel/framework/src/Illuminate/Pipeline/Pipeline.php(183): Illuminate\\View\\Middleware\\ShareErrorsFromSession->handle(Object(Illuminate\\Http\\Request), Object(Closure))
#21 /Users/Thijsie/Downloads/main-files/Matoxi_Laravel_v1.0.0/Admin/vendor/laravel/framework/src/Illuminate/Session/Middleware/StartSession.php(121): Illuminate\\Pipeline\\Pipeline->Illuminate\\Pipeline\\{closure}(Object(Illuminate\\Http\\Request))
#22 /Users/Thijsie/Downloads/main-files/Matoxi_Laravel_v1.0.0/Admin/vendor/laravel/framework/src/Illuminate/Session/Middleware/StartSession.php(64): Illuminate\\Session\\Middleware\\StartSession->handleStatefulRequest(Object(Illuminate\\Http\\Request), Object(Illuminate\\Session\\Store), Object(Closure))
#23 /Users/Thijsie/Downloads/main-files/Matoxi_Laravel_v1.0.0/Admin/vendor/laravel/framework/src/Illuminate/Pipeline/Pipeline.php(183): Illuminate\\Session\\Middleware\\StartSession->handle(Object(Illuminate\\Http\\Request), Object(Closure))
#24 /Users/Thijsie/Downloads/main-files/Matoxi_Laravel_v1.0.0/Admin/vendor/laravel/framework/src/Illuminate/Cookie/Middleware/AddQueuedCookiesToResponse.php(37): Illuminate\\Pipeline\\Pipeline->Illuminate\\Pipeline\\{closure}(Object(Illuminate\\Http\\Request))
#25 /Users/Thijsie/Downloads/main-files/Matoxi_Laravel_v1.0.0/Admin/vendor/laravel/framework/src/Illuminate/Pipeline/Pipeline.php(183): Illuminate\\Cookie\\Middleware\\AddQueuedCookiesToResponse->handle(Object(Illuminate\\Http\\Request), Object(Closure))
#26 /Users/Thijsie/Downloads/main-files/Matoxi_Laravel_v1.0.0/Admin/vendor/laravel/framework/src/Illuminate/Cookie/Middleware/EncryptCookies.php(75): Illuminate\\Pipeline\\Pipeline->Illuminate\\Pipeline\\{closure}(Object(Illuminate\\Http\\Request))
#27 /Users/Thijsie/Downloads/main-files/Matoxi_Laravel_v1.0.0/Admin/vendor/laravel/framework/src/Illuminate/Pipeline/Pipeline.php(183): Illuminate\\Cookie\\Middleware\\EncryptCookies->handle(Object(Illuminate\\Http\\Request), Object(Closure))
#28 /Users/Thijsie/Downloads/main-files/Matoxi_Laravel_v1.0.0/Admin/vendor/laravel/framework/src/Illuminate/Pipeline/Pipeline.php(119): Illuminate\\Pipeline\\Pipeline->Illuminate\\Pipeline\\{closure}(Object(Illuminate\\Http\\Request))
#29 /Users/Thijsie/Downloads/main-files/Matoxi_Laravel_v1.0.0/Admin/vendor/laravel/framework/src/Illuminate/Routing/Router.php(805): Illuminate\\Pipeline\\Pipeline->then(Object(Closure))
#30 /Users/Thijsie/Downloads/main-files/Matoxi_Laravel_v1.0.0/Admin/vendor/laravel/framework/src/Illuminate/Routing/Router.php(784): Illuminate\\Routing\\Router->runRouteWithinStack(Object(Illuminate\\Routing\\Route), Object(Illuminate\\Http\\Request))
#31 /Users/Thijsie/Downloads/main-files/Matoxi_Laravel_v1.0.0/Admin/vendor/laravel/framework/src/Illuminate/Routing/Router.php(748): Illuminate\\Routing\\Router->runRoute(Object(Illuminate\\Http\\Request), Object(Illuminate\\Routing\\Route))
#32 /Users/Thijsie/Downloads/main-files/Matoxi_Laravel_v1.0.0/Admin/vendor/laravel/framework/src/Illuminate/Routing/Router.php(737): Illuminate\\Routing\\Router->dispatchToRoute(Object(Illuminate\\Http\\Request))
#33 /Users/Thijsie/Downloads/main-files/Matoxi_Laravel_v1.0.0/Admin/vendor/laravel/framework/src/Illuminate/Foundation/Http/Kernel.php(200): Illuminate\\Routing\\Router->dispatch(Object(Illuminate\\Http\\Request))
#34 /Users/Thijsie/Downloads/main-files/Matoxi_Laravel_v1.0.0/Admin/vendor/laravel/framework/src/Illuminate/Pipeline/Pipeline.php(144): Illuminate\\Foundation\\Http\\Kernel->Illuminate\\Foundation\\Http\\{closure}(Object(Illuminate\\Http\\Request))
#35 /Users/Thijsie/Downloads/main-files/Matoxi_Laravel_v1.0.0/Admin/vendor/laravel/framework/src/Illuminate/Foundation/Http/Middleware/TransformsRequest.php(21): Illuminate\\Pipeline\\Pipeline->Illuminate\\Pipeline\\{closure}(Object(Illuminate\\Http\\Request))
#36 /Users/Thijsie/Downloads/main-files/Matoxi_Laravel_v1.0.0/Admin/vendor/laravel/framework/src/Illuminate/Foundation/Http/Middleware/ConvertEmptyStringsToNull.php(31): Illuminate\\Foundation\\Http\\Middleware\\TransformsRequest->handle(Object(Illuminate\\Http\\Request), Object(Closure))
#37 /Users/Thijsie/Downloads/main-files/Matoxi_Laravel_v1.0.0/Admin/vendor/laravel/framework/src/Illuminate/Pipeline/Pipeline.php(183): Illuminate\\Foundation\\Http\\Middleware\\ConvertEmptyStringsToNull->handle(Object(Illuminate\\Http\\Request), Object(Closure))
#38 /Users/Thijsie/Downloads/main-files/Matoxi_Laravel_v1.0.0/Admin/vendor/laravel/framework/src/Illuminate/Foundation/Http/Middleware/TransformsRequest.php(21): Illuminate\\Pipeline\\Pipeline->Illuminate\\Pipeline\\{closure}(Object(Illuminate\\Http\\Request))
#39 /Users/Thijsie/Downloads/main-files/Matoxi_Laravel_v1.0.0/Admin/vendor/laravel/framework/src/Illuminate/Foundation/Http/Middleware/TrimStrings.php(50): Illuminate\\Foundation\\Http\\Middleware\\TransformsRequest->handle(Object(Illuminate\\Http\\Request), Object(Closure))
#40 /Users/Thijsie/Downloads/main-files/Matoxi_Laravel_v1.0.0/Admin/vendor/laravel/framework/src/Illuminate/Pipeline/Pipeline.php(183): Illuminate\\Foundation\\Http\\Middleware\\TrimStrings->handle(Object(Illuminate\\Http\\Request), Object(Closure))
#41 /Users/Thijsie/Downloads/main-files/Matoxi_Laravel_v1.0.0/Admin/vendor/laravel/framework/src/Illuminate/Http/Middleware/ValidatePostSize.php(27): Illuminate\\Pipeline\\Pipeline->Illuminate\\Pipeline\\{closure}(Object(Illuminate\\Http\\Request))
#42 /Users/Thijsie/Downloads/main-files/Matoxi_Laravel_v1.0.0/Admin/vendor/laravel/framework/src/Illuminate/Pipeline/Pipeline.php(183): Illuminate\\Http\\Middleware\\ValidatePostSize->handle(Object(Illuminate\\Http\\Request), Object(Closure))
#43 /Users/Thijsie/Downloads/main-files/Matoxi_Laravel_v1.0.0/Admin/vendor/laravel/framework/src/Illuminate/Foundation/Http/Middleware/PreventRequestsDuringMaintenance.php(103): Illuminate\\Pipeline\\Pipeline->Illuminate\\Pipeline\\{closure}(Object(Illuminate\\Http\\Request))
#44 /Users/Thijsie/Downloads/main-files/Matoxi_Laravel_v1.0.0/Admin/vendor/laravel/framework/src/Illuminate/Pipeline/Pipeline.php(183): Illuminate\\Foundation\\Http\\Middleware\\PreventRequestsDuringMaintenance->handle(Object(Illuminate\\Http\\Request), Object(Closure))
#45 /Users/Thijsie/Downloads/main-files/Matoxi_Laravel_v1.0.0/Admin/vendor/laravel/framework/src/Illuminate/Http/Middleware/HandleCors.php(49): Illuminate\\Pipeline\\Pipeline->Illuminate\\Pipeline\\{closure}(Object(Illuminate\\Http\\Request))
#46 /Users/Thijsie/Downloads/main-files/Matoxi_Laravel_v1.0.0/Admin/vendor/laravel/framework/src/Illuminate/Pipeline/Pipeline.php(183): Illuminate\\Http\\Middleware\\HandleCors->handle(Object(Illuminate\\Http\\Request), Object(Closure))
#47 /Users/Thijsie/Downloads/main-files/Matoxi_Laravel_v1.0.0/Admin/vendor/laravel/framework/src/Illuminate/Http/Middleware/TrustProxies.php(57): Illuminate\\Pipeline\\Pipeline->Illuminate\\Pipeline\\{closure}(Object(Illuminate\\Http\\Request))
#48 /Users/Thijsie/Downloads/main-files/Matoxi_Laravel_v1.0.0/Admin/vendor/laravel/framework/src/Illuminate/Pipeline/Pipeline.php(183): Illuminate\\Http\\Middleware\\TrustProxies->handle(Object(Illuminate\\Http\\Request), Object(Closure))
#49 /Users/Thijsie/Downloads/main-files/Matoxi_Laravel_v1.0.0/Admin/vendor/laravel/framework/src/Illuminate/Pipeline/Pipeline.php(119): Illuminate\\Pipeline\\Pipeline->Illuminate\\Pipeline\\{closure}(Object(Illuminate\\Http\\Request))
#50 /Users/Thijsie/Downloads/main-files/Matoxi_Laravel_v1.0.0/Admin/vendor/laravel/framework/src/Illuminate/Foundation/Http/Kernel.php(175): Illuminate\\Pipeline\\Pipeline->then(Object(Closure))
#51 /Users/Thijsie/Downloads/main-files/Matoxi_Laravel_v1.0.0/Admin/vendor/laravel/framework/src/Illuminate/Foundation/Http/Kernel.php(144): Illuminate\\Foundation\\Http\\Kernel->sendRequestThroughRouter(Object(Illuminate\\Http\\Request))
#52 /Users/Thijsie/Downloads/main-files/Matoxi_Laravel_v1.0.0/Admin/public/index.php(51): Illuminate\\Foundation\\Http\\Kernel->handle(Object(Illuminate\\Http\\Request))
#53 /Users/Thijsie/Downloads/main-files/Matoxi_Laravel_v1.0.0/Admin/vendor/laravel/framework/src/Illuminate/Foundation/resources/server.php(16): require_once('/Users/Thijsie/...')
#54 {main}

[previous exception] [object] (PDOException(code: 2002): SQLSTATE[HY000] [2002] Connection refused at /Users/Thijsie/Downloads/main-files/Matoxi_Laravel_v1.0.0/Admin/vendor/laravel/framework/src/Illuminate/Database/Connectors/Connector.php:65)
[stacktrace]
#0 /Users/Thijsie/Downloads/main-files/Matoxi_Laravel_v1.0.0/Admin/vendor/laravel/framework/src/Illuminate/Database/Connectors/Connector.php(65): PDO->__construct('mysql:host=127....', 'root', Object(SensitiveParameterValue), Array)
#1 /Users/Thijsie/Downloads/main-files/Matoxi_Laravel_v1.0.0/Admin/vendor/laravel/framework/src/Illuminate/Database/Connectors/Connector.php(83): Illuminate\\Database\\Connectors\\Connector->createPdoConnection('mysql:host=127....', 'root', '', Array)
#2 /Users/Thijsie/Downloads/main-files/Matoxi_Laravel_v1.0.0/Admin/vendor/laravel/framework/src/Illuminate/Database/Connectors/Connector.php(48): Illuminate\\Database\\Connectors\\Connector->tryAgainIfCausedByLostConnection(Object(PDOException), 'mysql:host=127....', 'root', '', Array)
#3 /Users/Thijsie/Downloads/main-files/Matoxi_Laravel_v1.0.0/Admin/vendor/laravel/framework/src/Illuminate/Database/Connectors/MySqlConnector.php(24): Illuminate\\Database\\Connectors\\Connector->createConnection('mysql:host=127....', Array, Array)
#4 /Users/Thijsie/Downloads/main-files/Matoxi_Laravel_v1.0.0/Admin/vendor/laravel/framework/src/Illuminate/Database/Connectors/ConnectionFactory.php(185): Illuminate\\Database\\Connectors\\MySqlConnector->connect(Array)
#5 [internal function]: Illuminate\\Database\\Connectors\\ConnectionFactory->Illuminate\\Database\\Connectors\\{closure}()
#6 /Users/Thijsie/Downloads/main-files/Matoxi_Laravel_v1.0.0/Admin/vendor/laravel/framework/src/Illuminate/Database/Connection.php(1219): call_user_func(Object(Closure))
#7 /Users/Thijsie/Downloads/main-files/Matoxi_Laravel_v1.0.0/Admin/vendor/laravel/framework/src/Illuminate/Database/Connection.php(1255): Illuminate\\Database\\Connection->getPdo()
#8 /Users/Thijsie/Downloads/main-files/Matoxi_Laravel_v1.0.0/Admin/vendor/laravel/framework/src/Illuminate/Database/Connection.php(512): Illuminate\\Database\\Connection->getReadPdo()
#9 /Users/Thijsie/Downloads/main-files/Matoxi_Laravel_v1.0.0/Admin/vendor/laravel/framework/src/Illuminate/Database/Connection.php(407): Illuminate\\Database\\Connection->getPdoForSelect(true)
#10 /Users/Thijsie/Downloads/main-files/Matoxi_Laravel_v1.0.0/Admin/vendor/laravel/framework/src/Illuminate/Database/Connection.php(800): Illuminate\\Database\\Connection->Illuminate\\Database\\{closure}('select * from `...', Array)
#11 /Users/Thijsie/Downloads/main-files/Matoxi_Laravel_v1.0.0/Admin/vendor/laravel/framework/src/Illuminate/Database/Connection.php(967): Illuminate\\Database\\Connection->runQueryCallback('select * from `...', Array, Object(Closure))
#12 /Users/Thijsie/Downloads/main-files/Matoxi_Laravel_v1.0.0/Admin/vendor/laravel/framework/src/Illuminate/Database/Connection.php(946): Illuminate\\Database\\Connection->tryAgainIfCausedByLostConnection(Object(Illuminate\\Database\\QueryException), 'select * from `...', Array, Object(Closure))
#13 /Users/Thijsie/Downloads/main-files/Matoxi_Laravel_v1.0.0/Admin/vendor/laravel/framework/src/Illuminate/Database/Connection.php(769): Illuminate\\Database\\Connection->handleQueryException(Object(Illuminate\\Database\\QueryException), 'select * from `...', Array, Object(Closure))
#14 /Users/Thijsie/Downloads/main-files/Matoxi_Laravel_v1.0.0/Admin/vendor/laravel/framework/src/Illuminate/Database/Connection.php(398): Illuminate\\Database\\Connection->run('select * from `...', Array, Object(Closure))
#15 /Users/Thijsie/Downloads/main-files/Matoxi_Laravel_v1.0.0/Admin/vendor/laravel/framework/src/Illuminate/Database/Query/Builder.php(2898): Illuminate\\Database\\Connection->select('select * from `...', Array, true)
#16 /Users/Thijsie/Downloads/main-files/Matoxi_Laravel_v1.0.0/Admin/vendor/laravel/framework/src/Illuminate/Database/Query/Builder.php(2883): Illuminate\\Database\\Query\\Builder->runSelect()
#17 /Users/Thijsie/Downloads/main-files/Matoxi_Laravel_v1.0.0/Admin/vendor/laravel/framework/src/Illuminate/Database/Query/Builder.php(3467): Illuminate\\Database\\Query\\Builder->Illuminate\\Database\\Query\\{closure}()
#18 /Users/Thijsie/Downloads/main-files/Matoxi_Laravel_v1.0.0/Admin/vendor/laravel/framework/src/Illuminate/Database/Query/Builder.php(2882): Illuminate\\Database\\Query\\Builder->onceWithColumns(Array, Object(Closure))
#19 /Users/Thijsie/Downloads/main-files/Matoxi_Laravel_v1.0.0/Admin/vendor/laravel/framework/src/Illuminate/Database/Eloquent/Builder.php(738): Illuminate\\Database\\Query\\Builder->get(Array)
#20 /Users/Thijsie/Downloads/main-files/Matoxi_Laravel_v1.0.0/Admin/vendor/laravel/framework/src/Illuminate/Database/Eloquent/Builder.php(722): Illuminate\\Database\\Eloquent\\Builder->getModels(Array)
#21 /Users/Thijsie/Downloads/main-files/Matoxi_Laravel_v1.0.0/Admin/vendor/laravel/framework/src/Illuminate/Database/Concerns/BuildsQueries.php(333): Illuminate\\Database\\Eloquent\\Builder->get(Array)
#22 /Users/Thijsie/Downloads/main-files/Matoxi_Laravel_v1.0.0/Admin/vendor/laravel/framework/src/Illuminate/Auth/EloquentUserProvider.php(59): Illuminate\\Database\\Eloquent\\Builder->first()
#23 /Users/Thijsie/Downloads/main-files/Matoxi_Laravel_v1.0.0/Admin/vendor/laravel/framework/src/Illuminate/Auth/SessionGuard.php(169): Illuminate\\Auth\\EloquentUserProvider->retrieveById(1)
#24 /Users/Thijsie/Downloads/main-files/Matoxi_Laravel_v1.0.0/Admin/vendor/laravel/framework/src/Illuminate/Auth/GuardHelpers.php(56): Illuminate\\Auth\\SessionGuard->user()
#25 /Users/Thijsie/Downloads/main-files/Matoxi_Laravel_v1.0.0/Admin/vendor/laravel/framework/src/Illuminate/Auth/Middleware/Authenticate.php(83): Illuminate\\Auth\\SessionGuard->check()
#26 /Users/Thijsie/Downloads/main-files/Matoxi_Laravel_v1.0.0/Admin/vendor/laravel/framework/src/Illuminate/Auth/Middleware/Authenticate.php(62): Illuminate\\Auth\\Middleware\\Authenticate->authenticate(Object(Illuminate\\Http\\Request), Array)
#27 /Users/Thijsie/Downloads/main-files/Matoxi_Laravel_v1.0.0/Admin/vendor/laravel/framework/src/Illuminate/Pipeline/Pipeline.php(183): Illuminate\\Auth\\Middleware\\Authenticate->handle(Object(Illuminate\\Http\\Request), Object(Closure))
#28 /Users/Thijsie/Downloads/main-files/Matoxi_Laravel_v1.0.0/Admin/vendor/laravel/framework/src/Illuminate/Foundation/Http/Middleware/VerifyCsrfToken.php(81): Illuminate\\Pipeline\\Pipeline->Illuminate\\Pipeline\\{closure}(Object(Illuminate\\Http\\Request))
#29 /Users/Thijsie/Downloads/main-files/Matoxi_Laravel_v1.0.0/Admin/vendor/laravel/framework/src/Illuminate/Pipeline/Pipeline.php(183): Illuminate\\Foundation\\Http\\Middleware\\VerifyCsrfToken->handle(Object(Illuminate\\Http\\Request), Object(Closure))
#30 /Users/Thijsie/Downloads/main-files/Matoxi_Laravel_v1.0.0/Admin/vendor/laravel/framework/src/Illuminate/View/Middleware/ShareErrorsFromSession.php(49): Illuminate\\Pipeline\\Pipeline->Illuminate\\Pipeline\\{closure}(Object(Illuminate\\Http\\Request))
#31 /Users/Thijsie/Downloads/main-files/Matoxi_Laravel_v1.0.0/Admin/vendor/laravel/framework/src/Illuminate/Pipeline/Pipeline.php(183): Illuminate\\View\\Middleware\\ShareErrorsFromSession->handle(Object(Illuminate\\Http\\Request), Object(Closure))
#32 /Users/Thijsie/Downloads/main-files/Matoxi_Laravel_v1.0.0/Admin/vendor/laravel/framework/src/Illuminate/Session/Middleware/StartSession.php(121): Illuminate\\Pipeline\\Pipeline->Illuminate\\Pipeline\\{closure}(Object(Illuminate\\Http\\Request))
#33 /Users/Thijsie/Downloads/main-files/Matoxi_Laravel_v1.0.0/Admin/vendor/laravel/framework/src/Illuminate/Session/Middleware/StartSession.php(64): Illuminate\\Session\\Middleware\\StartSession->handleStatefulRequest(Object(Illuminate\\Http\\Request), Object(Illuminate\\Session\\Store), Object(Closure))
#34 /Users/Thijsie/Downloads/main-files/Matoxi_Laravel_v1.0.0/Admin/vendor/laravel/framework/src/Illuminate/Pipeline/Pipeline.php(183): Illuminate\\Session\\Middleware\\StartSession->handle(Object(Illuminate\\Http\\Request), Object(Closure))
#35 /Users/Thijsie/Downloads/main-files/Matoxi_Laravel_v1.0.0/Admin/vendor/laravel/framework/src/Illuminate/Cookie/Middleware/AddQueuedCookiesToResponse.php(37): Illuminate\\Pipeline\\Pipeline->Illuminate\\Pipeline\\{closure}(Object(Illuminate\\Http\\Request))
#36 /Users/Thijsie/Downloads/main-files/Matoxi_Laravel_v1.0.0/Admin/vendor/laravel/framework/src/Illuminate/Pipeline/Pipeline.php(183): Illuminate\\Cookie\\Middleware\\AddQueuedCookiesToResponse->handle(Object(Illuminate\\Http\\Request), Object(Closure))
#37 /Users/Thijsie/Downloads/main-files/Matoxi_Laravel_v1.0.0/Admin/vendor/laravel/framework/src/Illuminate/Cookie/Middleware/EncryptCookies.php(75): Illuminate\\Pipeline\\Pipeline->Illuminate\\Pipeline\\{closure}(Object(Illuminate\\Http\\Request))
#38 /Users/Thijsie/Downloads/main-files/Matoxi_Laravel_v1.0.0/Admin/vendor/laravel/framework/src/Illuminate/Pipeline/Pipeline.php(183): Illuminate\\Cookie\\Middleware\\EncryptCookies->handle(Object(Illuminate\\Http\\Request), Object(Closure))
#39 /Users/Thijsie/Downloads/main-files/Matoxi_Laravel_v1.0.0/Admin/vendor/laravel/framework/src/Illuminate/Pipeline/Pipeline.php(119): Illuminate\\Pipeline\\Pipeline->Illuminate\\Pipeline\\{closure}(Object(Illuminate\\Http\\Request))
#40 /Users/Thijsie/Downloads/main-files/Matoxi_Laravel_v1.0.0/Admin/vendor/laravel/framework/src/Illuminate/Routing/Router.php(805): Illuminate\\Pipeline\\Pipeline->then(Object(Closure))
#41 /Users/Thijsie/Downloads/main-files/Matoxi_Laravel_v1.0.0/Admin/vendor/laravel/framework/src/Illuminate/Routing/Router.php(784): Illuminate\\Routing\\Router->runRouteWithinStack(Object(Illuminate\\Routing\\Route), Object(Illuminate\\Http\\Request))
#42 /Users/Thijsie/Downloads/main-files/Matoxi_Laravel_v1.0.0/Admin/vendor/laravel/framework/src/Illuminate/Routing/Router.php(748): Illuminate\\Routing\\Router->runRoute(Object(Illuminate\\Http\\Request), Object(Illuminate\\Routing\\Route))
#43 /Users/Thijsie/Downloads/main-files/Matoxi_Laravel_v1.0.0/Admin/vendor/laravel/framework/src/Illuminate/Routing/Router.php(737): Illuminate\\Routing\\Router->dispatchToRoute(Object(Illuminate\\Http\\Request))
#44 /Users/Thijsie/Downloads/main-files/Matoxi_Laravel_v1.0.0/Admin/vendor/laravel/framework/src/Illuminate/Foundation/Http/Kernel.php(200): Illuminate\\Routing\\Router->dispatch(Object(Illuminate\\Http\\Request))
#45 /Users/Thijsie/Downloads/main-files/Matoxi_Laravel_v1.0.0/Admin/vendor/laravel/framework/src/Illuminate/Pipeline/Pipeline.php(144): Illuminate\\Foundation\\Http\\Kernel->Illuminate\\Foundation\\Http\\{closure}(Object(Illuminate\\Http\\Request))
#46 /Users/Thijsie/Downloads/main-files/Matoxi_Laravel_v1.0.0/Admin/vendor/laravel/framework/src/Illuminate/Foundation/Http/Middleware/TransformsRequest.php(21): Illuminate\\Pipeline\\Pipeline->Illuminate\\Pipeline\\{closure}(Object(Illuminate\\Http\\Request))
#47 /Users/Thijsie/Downloads/main-files/Matoxi_Laravel_v1.0.0/Admin/vendor/laravel/framework/src/Illuminate/Foundation/Http/Middleware/ConvertEmptyStringsToNull.php(31): Illuminate\\Foundation\\Http\\Middleware\\TransformsRequest->handle(Object(Illuminate\\Http\\Request), Object(Closure))
#48 /Users/Thijsie/Downloads/main-files/Matoxi_Laravel_v1.0.0/Admin/vendor/laravel/framework/src/Illuminate/Pipeline/Pipeline.php(183): Illuminate\\Foundation\\Http\\Middleware\\ConvertEmptyStringsToNull->handle(Object(Illuminate\\Http\\Request), Object(Closure))
#49 /Users/Thijsie/Downloads/main-files/Matoxi_Laravel_v1.0.0/Admin/vendor/laravel/framework/src/Illuminate/Foundation/Http/Middleware/TransformsRequest.php(21): Illuminate\\Pipeline\\Pipeline->Illuminate\\Pipeline\\{closure}(Object(Illuminate\\Http\\Request))
#50 /Users/Thijsie/Downloads/main-files/Matoxi_Laravel_v1.0.0/Admin/vendor/laravel/framework/src/Illuminate/Foundation/Http/Middleware/TrimStrings.php(50): Illuminate\\Foundation\\Http\\Middleware\\TransformsRequest->handle(Object(Illuminate\\Http\\Request), Object(Closure))
#51 /Users/Thijsie/Downloads/main-files/Matoxi_Laravel_v1.0.0/Admin/vendor/laravel/framework/src/Illuminate/Pipeline/Pipeline.php(183): Illuminate\\Foundation\\Http\\Middleware\\TrimStrings->handle(Object(Illuminate\\Http\\Request), Object(Closure))
#52 /Users/Thijsie/Downloads/main-files/Matoxi_Laravel_v1.0.0/Admin/vendor/laravel/framework/src/Illuminate/Http/Middleware/ValidatePostSize.php(27): Illuminate\\Pipeline\\Pipeline->Illuminate\\Pipeline\\{closure}(Object(Illuminate\\Http\\Request))
#53 /Users/Thijsie/Downloads/main-files/Matoxi_Laravel_v1.0.0/Admin/vendor/laravel/framework/src/Illuminate/Pipeline/Pipeline.php(183): Illuminate\\Http\\Middleware\\ValidatePostSize->handle(Object(Illuminate\\Http\\Request), Object(Closure))
#54 /Users/Thijsie/Downloads/main-files/Matoxi_Laravel_v1.0.0/Admin/vendor/laravel/framework/src/Illuminate/Foundation/Http/Middleware/PreventRequestsDuringMaintenance.php(103): Illuminate\\Pipeline\\Pipeline->Illuminate\\Pipeline\\{closure}(Object(Illuminate\\Http\\Request))
#55 /Users/Thijsie/Downloads/main-files/Matoxi_Laravel_v1.0.0/Admin/vendor/laravel/framework/src/Illuminate/Pipeline/Pipeline.php(183): Illuminate\\Foundation\\Http\\Middleware\\PreventRequestsDuringMaintenance->handle(Object(Illuminate\\Http\\Request), Object(Closure))
#56 /Users/Thijsie/Downloads/main-files/Matoxi_Laravel_v1.0.0/Admin/vendor/laravel/framework/src/Illuminate/Http/Middleware/HandleCors.php(49): Illuminate\\Pipeline\\Pipeline->Illuminate\\Pipeline\\{closure}(Object(Illuminate\\Http\\Request))
#57 /Users/Thijsie/Downloads/main-files/Matoxi_Laravel_v1.0.0/Admin/vendor/laravel/framework/src/Illuminate/Pipeline/Pipeline.php(183): Illuminate\\Http\\Middleware\\HandleCors->handle(Object(Illuminate\\Http\\Request), Object(Closure))
#58 /Users/Thijsie/Downloads/main-files/Matoxi_Laravel_v1.0.0/Admin/vendor/laravel/framework/src/Illuminate/Http/Middleware/TrustProxies.php(57): Illuminate\\Pipeline\\Pipeline->Illuminate\\Pipeline\\{closure}(Object(Illuminate\\Http\\Request))
#59 /Users/Thijsie/Downloads/main-files/Matoxi_Laravel_v1.0.0/Admin/vendor/laravel/framework/src/Illuminate/Pipeline/Pipeline.php(183): Illuminate\\Http\\Middleware\\TrustProxies->handle(Object(Illuminate\\Http\\Request), Object(Closure))
#60 /Users/Thijsie/Downloads/main-files/Matoxi_Laravel_v1.0.0/Admin/vendor/laravel/framework/src/Illuminate/Pipeline/Pipeline.php(119): Illuminate\\Pipeline\\Pipeline->Illuminate\\Pipeline\\{closure}(Object(Illuminate\\Http\\Request))
#61 /Users/Thijsie/Downloads/main-files/Matoxi_Laravel_v1.0.0/Admin/vendor/laravel/framework/src/Illuminate/Foundation/Http/Kernel.php(175): Illuminate\\Pipeline\\Pipeline->then(Object(Closure))
#62 /Users/Thijsie/Downloads/main-files/Matoxi_Laravel_v1.0.0/Admin/vendor/laravel/framework/src/Illuminate/Foundation/Http/Kernel.php(144): Illuminate\\Foundation\\Http\\Kernel->sendRequestThroughRouter(Object(Illuminate\\Http\\Request))
#63 /Users/Thijsie/Downloads/main-files/Matoxi_Laravel_v1.0.0/Admin/public/index.php(51): Illuminate\\Foundation\\Http\\Kernel->handle(Object(Illuminate\\Http\\Request))
#64 /Users/Thijsie/Downloads/main-files/Matoxi_Laravel_v1.0.0/Admin/vendor/laravel/framework/src/Illuminate/Foundation/resources/server.php(16): require_once('/Users/Thijsie/...')
#65 {main}
"} 
[2025-01-07 08:11:26] local.ERROR: SQLSTATE[HY000] [2002] Connection refused (Connection: mysql, SQL: select * from `users` where `email` = admin@gmail.com limit 1) {"exception":"[object] (Illuminate\\Database\\QueryException(code: 2002): SQLSTATE[HY000] [2002] Connection refused (Connection: mysql, SQL: select * from `users` where `email` = admin@gmail.com limit 1) at /Users/Thijsie/Downloads/main-files/Matoxi_Laravel_v1.0.0/Admin/vendor/laravel/framework/src/Illuminate/Database/Connection.php:813)
[stacktrace]
#0 /Users/Thijsie/Downloads/main-files/Matoxi_Laravel_v1.0.0/Admin/vendor/laravel/framework/src/Illuminate/Database/Connection.php(967): Illuminate\\Database\\Connection->runQueryCallback('select * from `...', Array, Object(Closure))
#1 /Users/Thijsie/Downloads/main-files/Matoxi_Laravel_v1.0.0/Admin/vendor/laravel/framework/src/Illuminate/Database/Connection.php(946): Illuminate\\Database\\Connection->tryAgainIfCausedByLostConnection(Object(Illuminate\\Database\\QueryException), 'select * from `...', Array, Object(Closure))
#2 /Users/Thijsie/Downloads/main-files/Matoxi_Laravel_v1.0.0/Admin/vendor/laravel/framework/src/Illuminate/Database/Connection.php(769): Illuminate\\Database\\Connection->handleQueryException(Object(Illuminate\\Database\\QueryException), 'select * from `...', Array, Object(Closure))
#3 /Users/Thijsie/Downloads/main-files/Matoxi_Laravel_v1.0.0/Admin/vendor/laravel/framework/src/Illuminate/Database/Connection.php(398): Illuminate\\Database\\Connection->run('select * from `...', Array, Object(Closure))
#4 /Users/Thijsie/Downloads/main-files/Matoxi_Laravel_v1.0.0/Admin/vendor/laravel/framework/src/Illuminate/Database/Query/Builder.php(2898): Illuminate\\Database\\Connection->select('select * from `...', Array, true)
#5 /Users/Thijsie/Downloads/main-files/Matoxi_Laravel_v1.0.0/Admin/vendor/laravel/framework/src/Illuminate/Database/Query/Builder.php(2883): Illuminate\\Database\\Query\\Builder->runSelect()
#6 /Users/Thijsie/Downloads/main-files/Matoxi_Laravel_v1.0.0/Admin/vendor/laravel/framework/src/Illuminate/Database/Query/Builder.php(3467): Illuminate\\Database\\Query\\Builder->Illuminate\\Database\\Query\\{closure}()
#7 /Users/Thijsie/Downloads/main-files/Matoxi_Laravel_v1.0.0/Admin/vendor/laravel/framework/src/Illuminate/Database/Query/Builder.php(2882): Illuminate\\Database\\Query\\Builder->onceWithColumns(Array, Object(Closure))
#8 /Users/Thijsie/Downloads/main-files/Matoxi_Laravel_v1.0.0/Admin/vendor/laravel/framework/src/Illuminate/Database/Eloquent/Builder.php(738): Illuminate\\Database\\Query\\Builder->get(Array)
#9 /Users/Thijsie/Downloads/main-files/Matoxi_Laravel_v1.0.0/Admin/vendor/laravel/framework/src/Illuminate/Database/Eloquent/Builder.php(722): Illuminate\\Database\\Eloquent\\Builder->getModels(Array)
#10 /Users/Thijsie/Downloads/main-files/Matoxi_Laravel_v1.0.0/Admin/vendor/laravel/framework/src/Illuminate/Database/Concerns/BuildsQueries.php(333): Illuminate\\Database\\Eloquent\\Builder->get(Array)
#11 /Users/Thijsie/Downloads/main-files/Matoxi_Laravel_v1.0.0/Admin/vendor/laravel/framework/src/Illuminate/Auth/EloquentUserProvider.php(139): Illuminate\\Database\\Eloquent\\Builder->first()
#12 /Users/Thijsie/Downloads/main-files/Matoxi_Laravel_v1.0.0/Admin/vendor/laravel/framework/src/Illuminate/Auth/SessionGuard.php(391): Illuminate\\Auth\\EloquentUserProvider->retrieveByCredentials(Array)
#13 /Users/Thijsie/Downloads/main-files/Matoxi_Laravel_v1.0.0/Admin/vendor/laravel/ui/auth-backend/AuthenticatesUsers.php(86): Illuminate\\Auth\\SessionGuard->attempt(Array, false)
#14 /Users/Thijsie/Downloads/main-files/Matoxi_Laravel_v1.0.0/Admin/vendor/laravel/ui/auth-backend/AuthenticatesUsers.php(46): App\\Http\\Controllers\\Auth\\LoginController->attemptLogin(Object(Illuminate\\Http\\Request))
#15 /Users/Thijsie/Downloads/main-files/Matoxi_Laravel_v1.0.0/Admin/vendor/laravel/framework/src/Illuminate/Routing/Controller.php(54): App\\Http\\Controllers\\Auth\\LoginController->login(Object(Illuminate\\Http\\Request))
#16 /Users/Thijsie/Downloads/main-files/Matoxi_Laravel_v1.0.0/Admin/vendor/laravel/framework/src/Illuminate/Routing/ControllerDispatcher.php(43): Illuminate\\Routing\\Controller->callAction('login', Array)
#17 /Users/Thijsie/Downloads/main-files/Matoxi_Laravel_v1.0.0/Admin/vendor/laravel/framework/src/Illuminate/Routing/Route.php(260): Illuminate\\Routing\\ControllerDispatcher->dispatch(Object(Illuminate\\Routing\\Route), Object(App\\Http\\Controllers\\Auth\\LoginController), 'login')
#18 /Users/Thijsie/Downloads/main-files/Matoxi_Laravel_v1.0.0/Admin/vendor/laravel/framework/src/Illuminate/Routing/Route.php(206): Illuminate\\Routing\\Route->runController()
#19 /Users/Thijsie/Downloads/main-files/Matoxi_Laravel_v1.0.0/Admin/vendor/laravel/framework/src/Illuminate/Routing/Router.php(806): Illuminate\\Routing\\Route->run()
#20 /Users/Thijsie/Downloads/main-files/Matoxi_Laravel_v1.0.0/Admin/vendor/laravel/framework/src/Illuminate/Pipeline/Pipeline.php(144): Illuminate\\Routing\\Router->Illuminate\\Routing\\{closure}(Object(Illuminate\\Http\\Request))
#21 /Users/Thijsie/Downloads/main-files/Matoxi_Laravel_v1.0.0/Admin/app/Http/Middleware/RedirectIfAuthenticated.php(28): Illuminate\\Pipeline\\Pipeline->Illuminate\\Pipeline\\{closure}(Object(Illuminate\\Http\\Request))
#22 /Users/Thijsie/Downloads/main-files/Matoxi_Laravel_v1.0.0/Admin/vendor/laravel/framework/src/Illuminate/Pipeline/Pipeline.php(183): App\\Http\\Middleware\\RedirectIfAuthenticated->handle(Object(Illuminate\\Http\\Request), Object(Closure))
#23 /Users/Thijsie/Downloads/main-files/Matoxi_Laravel_v1.0.0/Admin/vendor/laravel/framework/src/Illuminate/Routing/Middleware/SubstituteBindings.php(50): Illuminate\\Pipeline\\Pipeline->Illuminate\\Pipeline\\{closure}(Object(Illuminate\\Http\\Request))
#24 /Users/Thijsie/Downloads/main-files/Matoxi_Laravel_v1.0.0/Admin/vendor/laravel/framework/src/Illuminate/Pipeline/Pipeline.php(183): Illuminate\\Routing\\Middleware\\SubstituteBindings->handle(Object(Illuminate\\Http\\Request), Object(Closure))
#25 /Users/Thijsie/Downloads/main-files/Matoxi_Laravel_v1.0.0/Admin/vendor/laravel/framework/src/Illuminate/Foundation/Http/Middleware/VerifyCsrfToken.php(81): Illuminate\\Pipeline\\Pipeline->Illuminate\\Pipeline\\{closure}(Object(Illuminate\\Http\\Request))
#26 /Users/Thijsie/Downloads/main-files/Matoxi_Laravel_v1.0.0/Admin/vendor/laravel/framework/src/Illuminate/Pipeline/Pipeline.php(183): Illuminate\\Foundation\\Http\\Middleware\\VerifyCsrfToken->handle(Object(Illuminate\\Http\\Request), Object(Closure))
#27 /Users/Thijsie/Downloads/main-files/Matoxi_Laravel_v1.0.0/Admin/vendor/laravel/framework/src/Illuminate/View/Middleware/ShareErrorsFromSession.php(49): Illuminate\\Pipeline\\Pipeline->Illuminate\\Pipeline\\{closure}(Object(Illuminate\\Http\\Request))
#28 /Users/Thijsie/Downloads/main-files/Matoxi_Laravel_v1.0.0/Admin/vendor/laravel/framework/src/Illuminate/Pipeline/Pipeline.php(183): Illuminate\\View\\Middleware\\ShareErrorsFromSession->handle(Object(Illuminate\\Http\\Request), Object(Closure))
#29 /Users/Thijsie/Downloads/main-files/Matoxi_Laravel_v1.0.0/Admin/vendor/laravel/framework/src/Illuminate/Session/Middleware/StartSession.php(121): Illuminate\\Pipeline\\Pipeline->Illuminate\\Pipeline\\{closure}(Object(Illuminate\\Http\\Request))
#30 /Users/Thijsie/Downloads/main-files/Matoxi_Laravel_v1.0.0/Admin/vendor/laravel/framework/src/Illuminate/Session/Middleware/StartSession.php(64): Illuminate\\Session\\Middleware\\StartSession->handleStatefulRequest(Object(Illuminate\\Http\\Request), Object(Illuminate\\Session\\Store), Object(Closure))
#31 /Users/Thijsie/Downloads/main-files/Matoxi_Laravel_v1.0.0/Admin/vendor/laravel/framework/src/Illuminate/Pipeline/Pipeline.php(183): Illuminate\\Session\\Middleware\\StartSession->handle(Object(Illuminate\\Http\\Request), Object(Closure))
#32 /Users/Thijsie/Downloads/main-files/Matoxi_Laravel_v1.0.0/Admin/vendor/laravel/framework/src/Illuminate/Cookie/Middleware/AddQueuedCookiesToResponse.php(37): Illuminate\\Pipeline\\Pipeline->Illuminate\\Pipeline\\{closure}(Object(Illuminate\\Http\\Request))
#33 /Users/Thijsie/Downloads/main-files/Matoxi_Laravel_v1.0.0/Admin/vendor/laravel/framework/src/Illuminate/Pipeline/Pipeline.php(183): Illuminate\\Cookie\\Middleware\\AddQueuedCookiesToResponse->handle(Object(Illuminate\\Http\\Request), Object(Closure))
#34 /Users/Thijsie/Downloads/main-files/Matoxi_Laravel_v1.0.0/Admin/vendor/laravel/framework/src/Illuminate/Cookie/Middleware/EncryptCookies.php(75): Illuminate\\Pipeline\\Pipeline->Illuminate\\Pipeline\\{closure}(Object(Illuminate\\Http\\Request))
#35 /Users/Thijsie/Downloads/main-files/Matoxi_Laravel_v1.0.0/Admin/vendor/laravel/framework/src/Illuminate/Pipeline/Pipeline.php(183): Illuminate\\Cookie\\Middleware\\EncryptCookies->handle(Object(Illuminate\\Http\\Request), Object(Closure))
#36 /Users/Thijsie/Downloads/main-files/Matoxi_Laravel_v1.0.0/Admin/vendor/laravel/framework/src/Illuminate/Pipeline/Pipeline.php(119): Illuminate\\Pipeline\\Pipeline->Illuminate\\Pipeline\\{closure}(Object(Illuminate\\Http\\Request))
#37 /Users/Thijsie/Downloads/main-files/Matoxi_Laravel_v1.0.0/Admin/vendor/laravel/framework/src/Illuminate/Routing/Router.php(805): Illuminate\\Pipeline\\Pipeline->then(Object(Closure))
#38 /Users/Thijsie/Downloads/main-files/Matoxi_Laravel_v1.0.0/Admin/vendor/laravel/framework/src/Illuminate/Routing/Router.php(784): Illuminate\\Routing\\Router->runRouteWithinStack(Object(Illuminate\\Routing\\Route), Object(Illuminate\\Http\\Request))
#39 /Users/Thijsie/Downloads/main-files/Matoxi_Laravel_v1.0.0/Admin/vendor/laravel/framework/src/Illuminate/Routing/Router.php(748): Illuminate\\Routing\\Router->runRoute(Object(Illuminate\\Http\\Request), Object(Illuminate\\Routing\\Route))
#40 /Users/Thijsie/Downloads/main-files/Matoxi_Laravel_v1.0.0/Admin/vendor/laravel/framework/src/Illuminate/Routing/Router.php(737): Illuminate\\Routing\\Router->dispatchToRoute(Object(Illuminate\\Http\\Request))
#41 /Users/Thijsie/Downloads/main-files/Matoxi_Laravel_v1.0.0/Admin/vendor/laravel/framework/src/Illuminate/Foundation/Http/Kernel.php(200): Illuminate\\Routing\\Router->dispatch(Object(Illuminate\\Http\\Request))
#42 /Users/Thijsie/Downloads/main-files/Matoxi_Laravel_v1.0.0/Admin/vendor/laravel/framework/src/Illuminate/Pipeline/Pipeline.php(144): Illuminate\\Foundation\\Http\\Kernel->Illuminate\\Foundation\\Http\\{closure}(Object(Illuminate\\Http\\Request))
#43 /Users/Thijsie/Downloads/main-files/Matoxi_Laravel_v1.0.0/Admin/vendor/laravel/framework/src/Illuminate/Foundation/Http/Middleware/TransformsRequest.php(21): Illuminate\\Pipeline\\Pipeline->Illuminate\\Pipeline\\{closure}(Object(Illuminate\\Http\\Request))
#44 /Users/Thijsie/Downloads/main-files/Matoxi_Laravel_v1.0.0/Admin/vendor/laravel/framework/src/Illuminate/Foundation/Http/Middleware/ConvertEmptyStringsToNull.php(31): Illuminate\\Foundation\\Http\\Middleware\\TransformsRequest->handle(Object(Illuminate\\Http\\Request), Object(Closure))
#45 /Users/Thijsie/Downloads/main-files/Matoxi_Laravel_v1.0.0/Admin/vendor/laravel/framework/src/Illuminate/Pipeline/Pipeline.php(183): Illuminate\\Foundation\\Http\\Middleware\\ConvertEmptyStringsToNull->handle(Object(Illuminate\\Http\\Request), Object(Closure))
#46 /Users/Thijsie/Downloads/main-files/Matoxi_Laravel_v1.0.0/Admin/vendor/laravel/framework/src/Illuminate/Foundation/Http/Middleware/TransformsRequest.php(21): Illuminate\\Pipeline\\Pipeline->Illuminate\\Pipeline\\{closure}(Object(Illuminate\\Http\\Request))
#47 /Users/Thijsie/Downloads/main-files/Matoxi_Laravel_v1.0.0/Admin/vendor/laravel/framework/src/Illuminate/Foundation/Http/Middleware/TrimStrings.php(50): Illuminate\\Foundation\\Http\\Middleware\\TransformsRequest->handle(Object(Illuminate\\Http\\Request), Object(Closure))
#48 /Users/Thijsie/Downloads/main-files/Matoxi_Laravel_v1.0.0/Admin/vendor/laravel/framework/src/Illuminate/Pipeline/Pipeline.php(183): Illuminate\\Foundation\\Http\\Middleware\\TrimStrings->handle(Object(Illuminate\\Http\\Request), Object(Closure))
#49 /Users/Thijsie/Downloads/main-files/Matoxi_Laravel_v1.0.0/Admin/vendor/laravel/framework/src/Illuminate/Http/Middleware/ValidatePostSize.php(27): Illuminate\\Pipeline\\Pipeline->Illuminate\\Pipeline\\{closure}(Object(Illuminate\\Http\\Request))
#50 /Users/Thijsie/Downloads/main-files/Matoxi_Laravel_v1.0.0/Admin/vendor/laravel/framework/src/Illuminate/Pipeline/Pipeline.php(183): Illuminate\\Http\\Middleware\\ValidatePostSize->handle(Object(Illuminate\\Http\\Request), Object(Closure))
#51 /Users/Thijsie/Downloads/main-files/Matoxi_Laravel_v1.0.0/Admin/vendor/laravel/framework/src/Illuminate/Foundation/Http/Middleware/PreventRequestsDuringMaintenance.php(103): Illuminate\\Pipeline\\Pipeline->Illuminate\\Pipeline\\{closure}(Object(Illuminate\\Http\\Request))
#52 /Users/Thijsie/Downloads/main-files/Matoxi_Laravel_v1.0.0/Admin/vendor/laravel/framework/src/Illuminate/Pipeline/Pipeline.php(183): Illuminate\\Foundation\\Http\\Middleware\\PreventRequestsDuringMaintenance->handle(Object(Illuminate\\Http\\Request), Object(Closure))
#53 /Users/Thijsie/Downloads/main-files/Matoxi_Laravel_v1.0.0/Admin/vendor/laravel/framework/src/Illuminate/Http/Middleware/HandleCors.php(49): Illuminate\\Pipeline\\Pipeline->Illuminate\\Pipeline\\{closure}(Object(Illuminate\\Http\\Request))
#54 /Users/Thijsie/Downloads/main-files/Matoxi_Laravel_v1.0.0/Admin/vendor/laravel/framework/src/Illuminate/Pipeline/Pipeline.php(183): Illuminate\\Http\\Middleware\\HandleCors->handle(Object(Illuminate\\Http\\Request), Object(Closure))
#55 /Users/Thijsie/Downloads/main-files/Matoxi_Laravel_v1.0.0/Admin/vendor/laravel/framework/src/Illuminate/Http/Middleware/TrustProxies.php(57): Illuminate\\Pipeline\\Pipeline->Illuminate\\Pipeline\\{closure}(Object(Illuminate\\Http\\Request))
#56 /Users/Thijsie/Downloads/main-files/Matoxi_Laravel_v1.0.0/Admin/vendor/laravel/framework/src/Illuminate/Pipeline/Pipeline.php(183): Illuminate\\Http\\Middleware\\TrustProxies->handle(Object(Illuminate\\Http\\Request), Object(Closure))
#57 /Users/Thijsie/Downloads/main-files/Matoxi_Laravel_v1.0.0/Admin/vendor/laravel/framework/src/Illuminate/Pipeline/Pipeline.php(119): Illuminate\\Pipeline\\Pipeline->Illuminate\\Pipeline\\{closure}(Object(Illuminate\\Http\\Request))
#58 /Users/Thijsie/Downloads/main-files/Matoxi_Laravel_v1.0.0/Admin/vendor/laravel/framework/src/Illuminate/Foundation/Http/Kernel.php(175): Illuminate\\Pipeline\\Pipeline->then(Object(Closure))
#59 /Users/Thijsie/Downloads/main-files/Matoxi_Laravel_v1.0.0/Admin/vendor/laravel/framework/src/Illuminate/Foundation/Http/Kernel.php(144): Illuminate\\Foundation\\Http\\Kernel->sendRequestThroughRouter(Object(Illuminate\\Http\\Request))
#60 /Users/Thijsie/Downloads/main-files/Matoxi_Laravel_v1.0.0/Admin/public/index.php(51): Illuminate\\Foundation\\Http\\Kernel->handle(Object(Illuminate\\Http\\Request))
#61 /Users/Thijsie/Downloads/main-files/Matoxi_Laravel_v1.0.0/Admin/vendor/laravel/framework/src/Illuminate/Foundation/resources/server.php(16): require_once('/Users/Thijsie/...')
#62 {main}

[previous exception] [object] (PDOException(code: 2002): SQLSTATE[HY000] [2002] Connection refused at /Users/Thijsie/Downloads/main-files/Matoxi_Laravel_v1.0.0/Admin/vendor/laravel/framework/src/Illuminate/Database/Connectors/Connector.php:65)
[stacktrace]
#0 /Users/Thijsie/Downloads/main-files/Matoxi_Laravel_v1.0.0/Admin/vendor/laravel/framework/src/Illuminate/Database/Connectors/Connector.php(65): PDO->__construct('mysql:host=127....', 'root', Object(SensitiveParameterValue), Array)
#1 /Users/Thijsie/Downloads/main-files/Matoxi_Laravel_v1.0.0/Admin/vendor/laravel/framework/src/Illuminate/Database/Connectors/Connector.php(83): Illuminate\\Database\\Connectors\\Connector->createPdoConnection('mysql:host=127....', 'root', '', Array)
#2 /Users/Thijsie/Downloads/main-files/Matoxi_Laravel_v1.0.0/Admin/vendor/laravel/framework/src/Illuminate/Database/Connectors/Connector.php(48): Illuminate\\Database\\Connectors\\Connector->tryAgainIfCausedByLostConnection(Object(PDOException), 'mysql:host=127....', 'root', '', Array)
#3 /Users/Thijsie/Downloads/main-files/Matoxi_Laravel_v1.0.0/Admin/vendor/laravel/framework/src/Illuminate/Database/Connectors/MySqlConnector.php(24): Illuminate\\Database\\Connectors\\Connector->createConnection('mysql:host=127....', Array, Array)
#4 /Users/Thijsie/Downloads/main-files/Matoxi_Laravel_v1.0.0/Admin/vendor/laravel/framework/src/Illuminate/Database/Connectors/ConnectionFactory.php(185): Illuminate\\Database\\Connectors\\MySqlConnector->connect(Array)
#5 [internal function]: Illuminate\\Database\\Connectors\\ConnectionFactory->Illuminate\\Database\\Connectors\\{closure}()
#6 /Users/Thijsie/Downloads/main-files/Matoxi_Laravel_v1.0.0/Admin/vendor/laravel/framework/src/Illuminate/Database/Connection.php(1219): call_user_func(Object(Closure))
#7 /Users/Thijsie/Downloads/main-files/Matoxi_Laravel_v1.0.0/Admin/vendor/laravel/framework/src/Illuminate/Database/Connection.php(1255): Illuminate\\Database\\Connection->getPdo()
#8 /Users/Thijsie/Downloads/main-files/Matoxi_Laravel_v1.0.0/Admin/vendor/laravel/framework/src/Illuminate/Database/Connection.php(512): Illuminate\\Database\\Connection->getReadPdo()
#9 /Users/Thijsie/Downloads/main-files/Matoxi_Laravel_v1.0.0/Admin/vendor/laravel/framework/src/Illuminate/Database/Connection.php(407): Illuminate\\Database\\Connection->getPdoForSelect(true)
#10 /Users/Thijsie/Downloads/main-files/Matoxi_Laravel_v1.0.0/Admin/vendor/laravel/framework/src/Illuminate/Database/Connection.php(800): Illuminate\\Database\\Connection->Illuminate\\Database\\{closure}('select * from `...', Array)
#11 /Users/Thijsie/Downloads/main-files/Matoxi_Laravel_v1.0.0/Admin/vendor/laravel/framework/src/Illuminate/Database/Connection.php(967): Illuminate\\Database\\Connection->runQueryCallback('select * from `...', Array, Object(Closure))
#12 /Users/Thijsie/Downloads/main-files/Matoxi_Laravel_v1.0.0/Admin/vendor/laravel/framework/src/Illuminate/Database/Connection.php(946): Illuminate\\Database\\Connection->tryAgainIfCausedByLostConnection(Object(Illuminate\\Database\\QueryException), 'select * from `...', Array, Object(Closure))
#13 /Users/Thijsie/Downloads/main-files/Matoxi_Laravel_v1.0.0/Admin/vendor/laravel/framework/src/Illuminate/Database/Connection.php(769): Illuminate\\Database\\Connection->handleQueryException(Object(Illuminate\\Database\\QueryException), 'select * from `...', Array, Object(Closure))
#14 /Users/Thijsie/Downloads/main-files/Matoxi_Laravel_v1.0.0/Admin/vendor/laravel/framework/src/Illuminate/Database/Connection.php(398): Illuminate\\Database\\Connection->run('select * from `...', Array, Object(Closure))
#15 /Users/Thijsie/Downloads/main-files/Matoxi_Laravel_v1.0.0/Admin/vendor/laravel/framework/src/Illuminate/Database/Query/Builder.php(2898): Illuminate\\Database\\Connection->select('select * from `...', Array, true)
#16 /Users/Thijsie/Downloads/main-files/Matoxi_Laravel_v1.0.0/Admin/vendor/laravel/framework/src/Illuminate/Database/Query/Builder.php(2883): Illuminate\\Database\\Query\\Builder->runSelect()
#17 /Users/Thijsie/Downloads/main-files/Matoxi_Laravel_v1.0.0/Admin/vendor/laravel/framework/src/Illuminate/Database/Query/Builder.php(3467): Illuminate\\Database\\Query\\Builder->Illuminate\\Database\\Query\\{closure}()
#18 /Users/Thijsie/Downloads/main-files/Matoxi_Laravel_v1.0.0/Admin/vendor/laravel/framework/src/Illuminate/Database/Query/Builder.php(2882): Illuminate\\Database\\Query\\Builder->onceWithColumns(Array, Object(Closure))
#19 /Users/Thijsie/Downloads/main-files/Matoxi_Laravel_v1.0.0/Admin/vendor/laravel/framework/src/Illuminate/Database/Eloquent/Builder.php(738): Illuminate\\Database\\Query\\Builder->get(Array)
#20 /Users/Thijsie/Downloads/main-files/Matoxi_Laravel_v1.0.0/Admin/vendor/laravel/framework/src/Illuminate/Database/Eloquent/Builder.php(722): Illuminate\\Database\\Eloquent\\Builder->getModels(Array)
#21 /Users/Thijsie/Downloads/main-files/Matoxi_Laravel_v1.0.0/Admin/vendor/laravel/framework/src/Illuminate/Database/Concerns/BuildsQueries.php(333): Illuminate\\Database\\Eloquent\\Builder->get(Array)
#22 /Users/Thijsie/Downloads/main-files/Matoxi_Laravel_v1.0.0/Admin/vendor/laravel/framework/src/Illuminate/Auth/EloquentUserProvider.php(139): Illuminate\\Database\\Eloquent\\Builder->first()
#23 /Users/Thijsie/Downloads/main-files/Matoxi_Laravel_v1.0.0/Admin/vendor/laravel/framework/src/Illuminate/Auth/SessionGuard.php(391): Illuminate\\Auth\\EloquentUserProvider->retrieveByCredentials(Array)
#24 /Users/Thijsie/Downloads/main-files/Matoxi_Laravel_v1.0.0/Admin/vendor/laravel/ui/auth-backend/AuthenticatesUsers.php(86): Illuminate\\Auth\\SessionGuard->attempt(Array, false)
#25 /Users/Thijsie/Downloads/main-files/Matoxi_Laravel_v1.0.0/Admin/vendor/laravel/ui/auth-backend/AuthenticatesUsers.php(46): App\\Http\\Controllers\\Auth\\LoginController->attemptLogin(Object(Illuminate\\Http\\Request))
#26 /Users/Thijsie/Downloads/main-files/Matoxi_Laravel_v1.0.0/Admin/vendor/laravel/framework/src/Illuminate/Routing/Controller.php(54): App\\Http\\Controllers\\Auth\\LoginController->login(Object(Illuminate\\Http\\Request))
#27 /Users/Thijsie/Downloads/main-files/Matoxi_Laravel_v1.0.0/Admin/vendor/laravel/framework/src/Illuminate/Routing/ControllerDispatcher.php(43): Illuminate\\Routing\\Controller->callAction('login', Array)
#28 /Users/Thijsie/Downloads/main-files/Matoxi_Laravel_v1.0.0/Admin/vendor/laravel/framework/src/Illuminate/Routing/Route.php(260): Illuminate\\Routing\\ControllerDispatcher->dispatch(Object(Illuminate\\Routing\\Route), Object(App\\Http\\Controllers\\Auth\\LoginController), 'login')
#29 /Users/Thijsie/Downloads/main-files/Matoxi_Laravel_v1.0.0/Admin/vendor/laravel/framework/src/Illuminate/Routing/Route.php(206): Illuminate\\Routing\\Route->runController()
#30 /Users/Thijsie/Downloads/main-files/Matoxi_Laravel_v1.0.0/Admin/vendor/laravel/framework/src/Illuminate/Routing/Router.php(806): Illuminate\\Routing\\Route->run()
#31 /Users/Thijsie/Downloads/main-files/Matoxi_Laravel_v1.0.0/Admin/vendor/laravel/framework/src/Illuminate/Pipeline/Pipeline.php(144): Illuminate\\Routing\\Router->Illuminate\\Routing\\{closure}(Object(Illuminate\\Http\\Request))
#32 /Users/Thijsie/Downloads/main-files/Matoxi_Laravel_v1.0.0/Admin/app/Http/Middleware/RedirectIfAuthenticated.php(28): Illuminate\\Pipeline\\Pipeline->Illuminate\\Pipeline\\{closure}(Object(Illuminate\\Http\\Request))
#33 /Users/Thijsie/Downloads/main-files/Matoxi_Laravel_v1.0.0/Admin/vendor/laravel/framework/src/Illuminate/Pipeline/Pipeline.php(183): App\\Http\\Middleware\\RedirectIfAuthenticated->handle(Object(Illuminate\\Http\\Request), Object(Closure))
#34 /Users/Thijsie/Downloads/main-files/Matoxi_Laravel_v1.0.0/Admin/vendor/laravel/framework/src/Illuminate/Routing/Middleware/SubstituteBindings.php(50): Illuminate\\Pipeline\\Pipeline->Illuminate\\Pipeline\\{closure}(Object(Illuminate\\Http\\Request))
#35 /Users/Thijsie/Downloads/main-files/Matoxi_Laravel_v1.0.0/Admin/vendor/laravel/framework/src/Illuminate/Pipeline/Pipeline.php(183): Illuminate\\Routing\\Middleware\\SubstituteBindings->handle(Object(Illuminate\\Http\\Request), Object(Closure))
#36 /Users/Thijsie/Downloads/main-files/Matoxi_Laravel_v1.0.0/Admin/vendor/laravel/framework/src/Illuminate/Foundation/Http/Middleware/VerifyCsrfToken.php(81): Illuminate\\Pipeline\\Pipeline->Illuminate\\Pipeline\\{closure}(Object(Illuminate\\Http\\Request))
#37 /Users/Thijsie/Downloads/main-files/Matoxi_Laravel_v1.0.0/Admin/vendor/laravel/framework/src/Illuminate/Pipeline/Pipeline.php(183): Illuminate\\Foundation\\Http\\Middleware\\VerifyCsrfToken->handle(Object(Illuminate\\Http\\Request), Object(Closure))
#38 /Users/Thijsie/Downloads/main-files/Matoxi_Laravel_v1.0.0/Admin/vendor/laravel/framework/src/Illuminate/View/Middleware/ShareErrorsFromSession.php(49): Illuminate\\Pipeline\\Pipeline->Illuminate\\Pipeline\\{closure}(Object(Illuminate\\Http\\Request))
#39 /Users/Thijsie/Downloads/main-files/Matoxi_Laravel_v1.0.0/Admin/vendor/laravel/framework/src/Illuminate/Pipeline/Pipeline.php(183): Illuminate\\View\\Middleware\\ShareErrorsFromSession->handle(Object(Illuminate\\Http\\Request), Object(Closure))
#40 /Users/Thijsie/Downloads/main-files/Matoxi_Laravel_v1.0.0/Admin/vendor/laravel/framework/src/Illuminate/Session/Middleware/StartSession.php(121): Illuminate\\Pipeline\\Pipeline->Illuminate\\Pipeline\\{closure}(Object(Illuminate\\Http\\Request))
#41 /Users/Thijsie/Downloads/main-files/Matoxi_Laravel_v1.0.0/Admin/vendor/laravel/framework/src/Illuminate/Session/Middleware/StartSession.php(64): Illuminate\\Session\\Middleware\\StartSession->handleStatefulRequest(Object(Illuminate\\Http\\Request), Object(Illuminate\\Session\\Store), Object(Closure))
#42 /Users/Thijsie/Downloads/main-files/Matoxi_Laravel_v1.0.0/Admin/vendor/laravel/framework/src/Illuminate/Pipeline/Pipeline.php(183): Illuminate\\Session\\Middleware\\StartSession->handle(Object(Illuminate\\Http\\Request), Object(Closure))
#43 /Users/Thijsie/Downloads/main-files/Matoxi_Laravel_v1.0.0/Admin/vendor/laravel/framework/src/Illuminate/Cookie/Middleware/AddQueuedCookiesToResponse.php(37): Illuminate\\Pipeline\\Pipeline->Illuminate\\Pipeline\\{closure}(Object(Illuminate\\Http\\Request))
#44 /Users/Thijsie/Downloads/main-files/Matoxi_Laravel_v1.0.0/Admin/vendor/laravel/framework/src/Illuminate/Pipeline/Pipeline.php(183): Illuminate\\Cookie\\Middleware\\AddQueuedCookiesToResponse->handle(Object(Illuminate\\Http\\Request), Object(Closure))
#45 /Users/Thijsie/Downloads/main-files/Matoxi_Laravel_v1.0.0/Admin/vendor/laravel/framework/src/Illuminate/Cookie/Middleware/EncryptCookies.php(75): Illuminate\\Pipeline\\Pipeline->Illuminate\\Pipeline\\{closure}(Object(Illuminate\\Http\\Request))
#46 /Users/Thijsie/Downloads/main-files/Matoxi_Laravel_v1.0.0/Admin/vendor/laravel/framework/src/Illuminate/Pipeline/Pipeline.php(183): Illuminate\\Cookie\\Middleware\\EncryptCookies->handle(Object(Illuminate\\Http\\Request), Object(Closure))
#47 /Users/Thijsie/Downloads/main-files/Matoxi_Laravel_v1.0.0/Admin/vendor/laravel/framework/src/Illuminate/Pipeline/Pipeline.php(119): Illuminate\\Pipeline\\Pipeline->Illuminate\\Pipeline\\{closure}(Object(Illuminate\\Http\\Request))
#48 /Users/Thijsie/Downloads/main-files/Matoxi_Laravel_v1.0.0/Admin/vendor/laravel/framework/src/Illuminate/Routing/Router.php(805): Illuminate\\Pipeline\\Pipeline->then(Object(Closure))
#49 /Users/Thijsie/Downloads/main-files/Matoxi_Laravel_v1.0.0/Admin/vendor/laravel/framework/src/Illuminate/Routing/Router.php(784): Illuminate\\Routing\\Router->runRouteWithinStack(Object(Illuminate\\Routing\\Route), Object(Illuminate\\Http\\Request))
#50 /Users/Thijsie/Downloads/main-files/Matoxi_Laravel_v1.0.0/Admin/vendor/laravel/framework/src/Illuminate/Routing/Router.php(748): Illuminate\\Routing\\Router->runRoute(Object(Illuminate\\Http\\Request), Object(Illuminate\\Routing\\Route))
#51 /Users/Thijsie/Downloads/main-files/Matoxi_Laravel_v1.0.0/Admin/vendor/laravel/framework/src/Illuminate/Routing/Router.php(737): Illuminate\\Routing\\Router->dispatchToRoute(Object(Illuminate\\Http\\Request))
#52 /Users/Thijsie/Downloads/main-files/Matoxi_Laravel_v1.0.0/Admin/vendor/laravel/framework/src/Illuminate/Foundation/Http/Kernel.php(200): Illuminate\\Routing\\Router->dispatch(Object(Illuminate\\Http\\Request))
#53 /Users/Thijsie/Downloads/main-files/Matoxi_Laravel_v1.0.0/Admin/vendor/laravel/framework/src/Illuminate/Pipeline/Pipeline.php(144): Illuminate\\Foundation\\Http\\Kernel->Illuminate\\Foundation\\Http\\{closure}(Object(Illuminate\\Http\\Request))
#54 /Users/Thijsie/Downloads/main-files/Matoxi_Laravel_v1.0.0/Admin/vendor/laravel/framework/src/Illuminate/Foundation/Http/Middleware/TransformsRequest.php(21): Illuminate\\Pipeline\\Pipeline->Illuminate\\Pipeline\\{closure}(Object(Illuminate\\Http\\Request))
#55 /Users/Thijsie/Downloads/main-files/Matoxi_Laravel_v1.0.0/Admin/vendor/laravel/framework/src/Illuminate/Foundation/Http/Middleware/ConvertEmptyStringsToNull.php(31): Illuminate\\Foundation\\Http\\Middleware\\TransformsRequest->handle(Object(Illuminate\\Http\\Request), Object(Closure))
#56 /Users/Thijsie/Downloads/main-files/Matoxi_Laravel_v1.0.0/Admin/vendor/laravel/framework/src/Illuminate/Pipeline/Pipeline.php(183): Illuminate\\Foundation\\Http\\Middleware\\ConvertEmptyStringsToNull->handle(Object(Illuminate\\Http\\Request), Object(Closure))
#57 /Users/Thijsie/Downloads/main-files/Matoxi_Laravel_v1.0.0/Admin/vendor/laravel/framework/src/Illuminate/Foundation/Http/Middleware/TransformsRequest.php(21): Illuminate\\Pipeline\\Pipeline->Illuminate\\Pipeline\\{closure}(Object(Illuminate\\Http\\Request))
#58 /Users/Thijsie/Downloads/main-files/Matoxi_Laravel_v1.0.0/Admin/vendor/laravel/framework/src/Illuminate/Foundation/Http/Middleware/TrimStrings.php(50): Illuminate\\Foundation\\Http\\Middleware\\TransformsRequest->handle(Object(Illuminate\\Http\\Request), Object(Closure))
#59 /Users/Thijsie/Downloads/main-files/Matoxi_Laravel_v1.0.0/Admin/vendor/laravel/framework/src/Illuminate/Pipeline/Pipeline.php(183): Illuminate\\Foundation\\Http\\Middleware\\TrimStrings->handle(Object(Illuminate\\Http\\Request), Object(Closure))
#60 /Users/Thijsie/Downloads/main-files/Matoxi_Laravel_v1.0.0/Admin/vendor/laravel/framework/src/Illuminate/Http/Middleware/ValidatePostSize.php(27): Illuminate\\Pipeline\\Pipeline->Illuminate\\Pipeline\\{closure}(Object(Illuminate\\Http\\Request))
#61 /Users/Thijsie/Downloads/main-files/Matoxi_Laravel_v1.0.0/Admin/vendor/laravel/framework/src/Illuminate/Pipeline/Pipeline.php(183): Illuminate\\Http\\Middleware\\ValidatePostSize->handle(Object(Illuminate\\Http\\Request), Object(Closure))
#62 /Users/Thijsie/Downloads/main-files/Matoxi_Laravel_v1.0.0/Admin/vendor/laravel/framework/src/Illuminate/Foundation/Http/Middleware/PreventRequestsDuringMaintenance.php(103): Illuminate\\Pipeline\\Pipeline->Illuminate\\Pipeline\\{closure}(Object(Illuminate\\Http\\Request))
#63 /Users/Thijsie/Downloads/main-files/Matoxi_Laravel_v1.0.0/Admin/vendor/laravel/framework/src/Illuminate/Pipeline/Pipeline.php(183): Illuminate\\Foundation\\Http\\Middleware\\PreventRequestsDuringMaintenance->handle(Object(Illuminate\\Http\\Request), Object(Closure))
#64 /Users/Thijsie/Downloads/main-files/Matoxi_Laravel_v1.0.0/Admin/vendor/laravel/framework/src/Illuminate/Http/Middleware/HandleCors.php(49): Illuminate\\Pipeline\\Pipeline->Illuminate\\Pipeline\\{closure}(Object(Illuminate\\Http\\Request))
#65 /Users/Thijsie/Downloads/main-files/Matoxi_Laravel_v1.0.0/Admin/vendor/laravel/framework/src/Illuminate/Pipeline/Pipeline.php(183): Illuminate\\Http\\Middleware\\HandleCors->handle(Object(Illuminate\\Http\\Request), Object(Closure))
#66 /Users/Thijsie/Downloads/main-files/Matoxi_Laravel_v1.0.0/Admin/vendor/laravel/framework/src/Illuminate/Http/Middleware/TrustProxies.php(57): Illuminate\\Pipeline\\Pipeline->Illuminate\\Pipeline\\{closure}(Object(Illuminate\\Http\\Request))
#67 /Users/Thijsie/Downloads/main-files/Matoxi_Laravel_v1.0.0/Admin/vendor/laravel/framework/src/Illuminate/Pipeline/Pipeline.php(183): Illuminate\\Http\\Middleware\\TrustProxies->handle(Object(Illuminate\\Http\\Request), Object(Closure))
#68 /Users/Thijsie/Downloads/main-files/Matoxi_Laravel_v1.0.0/Admin/vendor/laravel/framework/src/Illuminate/Pipeline/Pipeline.php(119): Illuminate\\Pipeline\\Pipeline->Illuminate\\Pipeline\\{closure}(Object(Illuminate\\Http\\Request))
#69 /Users/Thijsie/Downloads/main-files/Matoxi_Laravel_v1.0.0/Admin/vendor/laravel/framework/src/Illuminate/Foundation/Http/Kernel.php(175): Illuminate\\Pipeline\\Pipeline->then(Object(Closure))
#70 /Users/Thijsie/Downloads/main-files/Matoxi_Laravel_v1.0.0/Admin/vendor/laravel/framework/src/Illuminate/Foundation/Http/Kernel.php(144): Illuminate\\Foundation\\Http\\Kernel->sendRequestThroughRouter(Object(Illuminate\\Http\\Request))
#71 /Users/Thijsie/Downloads/main-files/Matoxi_Laravel_v1.0.0/Admin/public/index.php(51): Illuminate\\Foundation\\Http\\Kernel->handle(Object(Illuminate\\Http\\Request))
#72 /Users/Thijsie/Downloads/main-files/Matoxi_Laravel_v1.0.0/Admin/vendor/laravel/framework/src/Illuminate/Foundation/resources/server.php(16): require_once('/Users/Thijsie/...')
#73 {main}
"} 
